D, [2019-07-26T16:39:27.955034 #12668] DEBUG -- :   [1m[35m (0.3ms)[0m  [1m[34mSELECT pg_try_advisory_lock(737815420147457505)[0m
D, [2019-07-26T16:39:28.015645 #12668] DEBUG -- :   [1m[35m (0.9ms)[0m  [1m[34mSELECT "schema_migrations"."version" FROM "schema_migrations" ORDER BY "schema_migrations"."version" ASC[0m
I, [2019-07-26T16:39:28.021957 #12668]  INFO -- : Migrating to AddMoreStuffTry (20190726073804)
D, [2019-07-26T16:39:28.030144 #12668] DEBUG -- :   [1m[35m (0.3ms)[0m  [1m[35mBEGIN[0m
D, [2019-07-26T16:39:28.033743 #12668] DEBUG -- :   [1m[35m (2.1ms)[0m  [1m[35mALTER TABLE "people" ADD "open_time" date[0m
D, [2019-07-26T16:39:28.034444 #12668] DEBUG -- :   [1m[35m (0.2ms)[0m  [1m[31mROLLBACK[0m
D, [2019-07-26T16:39:28.034984 #12668] DEBUG -- :   [1m[35m (0.3ms)[0m  [1m[34mSELECT pg_advisory_unlock(737815420147457505)[0m
D, [2019-07-26T16:40:27.060395 #16500] DEBUG -- :   [1m[35m (0.2ms)[0m  [1m[34mSELECT pg_try_advisory_lock(737815420147457505)[0m
D, [2019-07-26T16:40:27.120949 #16500] DEBUG -- :   [1m[35m (0.9ms)[0m  [1m[34mSELECT "schema_migrations"."version" FROM "schema_migrations" ORDER BY "schema_migrations"."version" ASC[0m
I, [2019-07-26T16:40:27.127274 #16500]  INFO -- : Migrating to AddMoreStuffTry (20190726073804)
D, [2019-07-26T16:40:27.135448 #16500] DEBUG -- :   [1m[35m (0.3ms)[0m  [1m[35mBEGIN[0m
D, [2019-07-26T16:40:27.138588 #16500] DEBUG -- :   [1m[35m (1.3ms)[0m  [1m[35mALTER TABLE "people" ADD "contract_to" date[0m
D, [2019-07-26T16:40:27.143487 #16500] DEBUG -- :   [1m[36mActiveRecord::SchemaMigration Create (0.6ms)[0m  [1m[32mINSERT INTO "schema_migrations" ("version") VALUES ($1) RETURNING "version"[0m  [["version", "20190726073804"]]
D, [2019-07-26T16:40:27.145636 #16500] DEBUG -- :   [1m[35m (1.8ms)[0m  [1m[35mCOMMIT[0m
D, [2019-07-26T16:40:27.155989 #16500] DEBUG -- :   [1m[36mActiveRecord::InternalMetadata Load (0.9ms)[0m  [1m[34mSELECT  "ar_internal_metadata".* FROM "ar_internal_metadata" WHERE "ar_internal_metadata"."key" = $1 LIMIT $2[0m  [["key", "environment"], ["LIMIT", 1]]
D, [2019-07-26T16:40:27.166125 #16500] DEBUG -- :   [1m[35m (0.2ms)[0m  [1m[35mBEGIN[0m
D, [2019-07-26T16:40:27.167574 #16500] DEBUG -- :   [1m[36mActiveRecord::InternalMetadata Update (0.4ms)[0m  [1m[33mUPDATE "ar_internal_metadata" SET "value" = $1, "updated_at" = $2 WHERE "ar_internal_metadata"."key" = $3[0m  [["value", "production"], ["updated_at", "2019-07-26 07:40:27.166564"], ["key", "environment"]]
D, [2019-07-26T16:40:27.168322 #16500] DEBUG -- :   [1m[35m (0.5ms)[0m  [1m[35mCOMMIT[0m
D, [2019-07-26T16:40:27.168771 #16500] DEBUG -- :   [1m[35m (0.2ms)[0m  [1m[34mSELECT pg_advisory_unlock(737815420147457505)[0m
D, [2019-07-26T16:46:45.367144 #13708] DEBUG -- :   [1m[36mPeople Load (3.0ms)[0m  [1m[34mSELECT  "people".* FROM "people" LIMIT $1[0m  [["LIMIT", 11]]
